0 info it worked if it ends with ok
1 verbose cli [ 'C:\\Program Files\\nodejs\\node.exe',
1 verbose cli   'C:\\Program Files\\nodejs\\node_modules\\npm\\bin\\npm-cli.js',
1 verbose cli   'install',
1 verbose cli   '-',
1 verbose cli   'browserify' ]
2 info using npm@3.10.10
3 info using node@v6.10.2
4 silly loadCurrentTree Starting
5 silly install loadCurrentTree
6 silly install readLocalPackageData
7 silly fetchPackageMetaData -
8 silly fetchPackageMetaData browserify
9 silly fetchOtherPackageData -
10 silly cache add args [ '-', null ]
11 verbose cache add spec -
12 silly fetchNamedPackageData browserify
13 silly mapToRegistry name browserify
14 silly mapToRegistry using default registry
15 silly mapToRegistry registry https://registry.npmjs.org/
16 silly mapToRegistry data Result {
16 silly mapToRegistry   raw: 'browserify',
16 silly mapToRegistry   scope: null,
16 silly mapToRegistry   escapedName: 'browserify',
16 silly mapToRegistry   name: 'browserify',
16 silly mapToRegistry   rawSpec: '',
16 silly mapToRegistry   spec: 'latest',
16 silly mapToRegistry   type: 'tag' }
17 silly mapToRegistry uri https://registry.npmjs.org/browserify
18 silly cache add parsed spec Result {
18 silly cache add   raw: '-',
18 silly cache add   scope: null,
18 silly cache add   escapedName: null,
18 silly cache add   name: null,
18 silly cache add   rawSpec: '-',
18 silly cache add   spec: 'C:\\Users\\PC\\Documents\\Projects-SourceControl\\Github.com\\TDD-Javascript-Using-NodeJsAndGulp\\exemplo1\\-',
18 silly cache add   type: 'local' }
19 error addLocal Could not install C:\Users\PC\Documents\Projects-SourceControl\Github.com\TDD-Javascript-Using-NodeJsAndGulp\exemplo1\-
20 silly fetchPackageMetaData Error: ENOENT: no such file or directory, open 'C:\Users\PC\Documents\Projects-SourceControl\Github.com\TDD-Javascript-Using-NodeJsAndGulp\exemplo1\-'
20 silly fetchPackageMetaData     at Error (native)
20 silly fetchPackageMetaData  error for - { Error: ENOENT: no such file or directory, open 'C:\Users\PC\Documents\Projects-SourceControl\Github.com\TDD-Javascript-Using-NodeJsAndGulp\exemplo1\-'
20 silly fetchPackageMetaData     at Error (native)
20 silly fetchPackageMetaData   errno: -4058,
20 silly fetchPackageMetaData   code: 'ENOENT',
20 silly fetchPackageMetaData   syscall: 'open',
20 silly fetchPackageMetaData   path: 'C:\\Users\\PC\\Documents\\Projects-SourceControl\\Github.com\\TDD-Javascript-Using-NodeJsAndGulp\\exemplo1\\-' }
21 verbose request uri https://registry.npmjs.org/browserify
22 verbose request no auth needed
23 info attempt registry request try #1 at 7:12:12 PM
24 verbose request id ce177b7693915a24
25 http request GET https://registry.npmjs.org/browserify
26 http 200 https://registry.npmjs.org/browserify
27 verbose headers { server: 'nginx/1.10.1',
27 verbose headers   'content-type': 'application/json',
27 verbose headers   'last-modified': 'Wed, 19 Apr 2017 20:00:52 GMT',
27 verbose headers   etag: 'W/"58f7c1f4-d9b71"',
27 verbose headers   'content-encoding': 'gzip',
27 verbose headers   'cache-control': 'max-age=300',
27 verbose headers   'content-length': '52376',
27 verbose headers   'accept-ranges': 'bytes',
27 verbose headers   date: 'Wed, 19 Apr 2017 22:12:11 GMT',
27 verbose headers   via: '1.1 varnish',
27 verbose headers   age: '243',
27 verbose headers   connection: 'keep-alive',
27 verbose headers   'x-served-by': 'cache-gru7127-GRU',
27 verbose headers   'x-cache': 'HIT',
27 verbose headers   'x-cache-hits': '2',
27 verbose headers   'x-timer': 'S1492639932.781427,VS0,VE0',
27 verbose headers   vary: 'Accept-Encoding' }
28 silly get cb [ 200,
28 silly get   { server: 'nginx/1.10.1',
28 silly get     'content-type': 'application/json',
28 silly get     'last-modified': 'Wed, 19 Apr 2017 20:00:52 GMT',
28 silly get     etag: 'W/"58f7c1f4-d9b71"',
28 silly get     'content-encoding': 'gzip',
28 silly get     'cache-control': 'max-age=300',
28 silly get     'content-length': '52376',
28 silly get     'accept-ranges': 'bytes',
28 silly get     date: 'Wed, 19 Apr 2017 22:12:11 GMT',
28 silly get     via: '1.1 varnish',
28 silly get     age: '243',
28 silly get     connection: 'keep-alive',
28 silly get     'x-served-by': 'cache-gru7127-GRU',
28 silly get     'x-cache': 'HIT',
28 silly get     'x-cache-hits': '2',
28 silly get     'x-timer': 'S1492639932.781427,VS0,VE0',
28 silly get     vary: 'Accept-Encoding' } ]
29 verbose get saving browserify to C:\Users\PC\AppData\Roaming\npm-cache\registry.npmjs.org\browserify\.cache.json
30 verbose correctMkdir C:\Users\PC\AppData\Roaming\npm-cache correctMkdir not in flight; initializing
31 silly rollbackFailedOptional Starting
32 silly rollbackFailedOptional Finishing
33 silly runTopLevelLifecycles Finishing
34 silly install printInstalled
35 verbose stack Error: ENOENT: no such file or directory, open 'C:\Users\PC\Documents\Projects-SourceControl\Github.com\TDD-Javascript-Using-NodeJsAndGulp\exemplo1\-'
35 verbose stack     at Error (native)
36 verbose cwd C:\Users\PC\Documents\Projects-SourceControl\Github.com\TDD-Javascript-Using-NodeJsAndGulp\exemplo1
37 error Windows_NT 10.0.10240
38 error argv "C:\\Program Files\\nodejs\\node.exe" "C:\\Program Files\\nodejs\\node_modules\\npm\\bin\\npm-cli.js" "install" "-" "browserify"
39 error node v6.10.2
40 error npm  v3.10.10
41 error path C:\Users\PC\Documents\Projects-SourceControl\Github.com\TDD-Javascript-Using-NodeJsAndGulp\exemplo1\-
42 error code ENOENT
43 error errno -4058
44 error syscall open
45 error enoent ENOENT: no such file or directory, open 'C:\Users\PC\Documents\Projects-SourceControl\Github.com\TDD-Javascript-Using-NodeJsAndGulp\exemplo1\-'
46 error enoent ENOENT: no such file or directory, open 'C:\Users\PC\Documents\Projects-SourceControl\Github.com\TDD-Javascript-Using-NodeJsAndGulp\exemplo1\-'
46 error enoent This is most likely not a problem with npm itself
46 error enoent and is related to npm not being able to find a file.
47 verbose exit [ -4058, true ]
